
> cherrycake@0.1.0 build
> next build && npm run cleanup

   ▲ Next.js 15.5.6
   - Environments: .env.local

   Creating an optimized production build ...


Retrying 1/3...


Retrying 1/3...


Retrying 1/3...


Retrying 1/3...


Retrying 1/3...


Retrying 1/3...


Retrying 1/3...


Retrying 1/3...


Retrying 1/3...


Retrying 1/3...


Retrying 1/3...


Retrying 1/3...


Retrying 1/3...


Retrying 1/3...


Retrying 1/3...


Retrying 1/3...


Retrying 1/3...


Retrying 1/3...


Retrying 1/3...


Retrying 1/3...


Retrying 1/3...


Retrying 1/3...


Retrying 1/3...


Retrying 1/3...


Retrying 1/3...


Retrying 1/3...


Retrying 1/3...


Retrying 1/3...


Retrying 1/3...


Retrying 1/3...


Retrying 1/3...


Retrying 1/3...


Retrying 1/3...


Retrying 1/3...


Retrying 1/3...


Retrying 1/3...


Retrying 1/3...


Retrying 1/3...


Retrying 1/3...


Retrying 1/3...


Retrying 1/3...


Retrying 1/3...


Retrying 1/3...


Retrying 1/3...


Retrying 1/3...


Retrying 1/3...
 ✓ Compiled successfully in 14.5s
   Linting and checking validity of types ...

./src/components/CounterpointWeave.tsx
182:36  Warning: 'idx' is defined but never used.  @typescript-eslint/no-unused-vars
190:17  Warning: 'x2' is assigned a value but never used.  @typescript-eslint/no-unused-vars
224:17  Warning: 'y2' is assigned a value but never used.  @typescript-eslint/no-unused-vars
335:6  Warning: React Hook useEffect has missing dependencies: 'HEIGHT', 'WIDTH', and 'isEmbed'. Either include them or remove the dependency array.  react-hooks/exhaustive-deps

./src/components/MotifConstellation.tsx
217:51  Warning: 'i' is defined but never used.  @typescript-eslint/no-unused-vars
253:6  Warning: React Hook useEffect has a missing dependency: 'graphData.nodes'. Either include it or remove the dependency array.  react-hooks/exhaustive-deps

./src/components/TensionCanvas.tsx
340:6  Warning: React Hook useEffect has missing dependencies: 'HEIGHT', 'WIDTH', and 'isEmbed'. Either include them or remove the dependency array.  react-hooks/exhaustive-deps

./src/components/TonnetzMap.tsx
53:9  Warning: The 'nodes' logical expression could make the dependencies of useMemo Hook (at line 65) change on every render. To fix this, wrap the initialization of 'nodes' in its own useMemo() Hook.  react-hooks/exhaustive-deps
154:26  Warning: 'i' is defined but never used.  @typescript-eslint/no-unused-vars

./src/components/TonnetzPathway.tsx
451:6  Warning: React Hook useEffect has missing dependencies: 'HEIGHT', 'WIDTH', and 'isEmbed'. Either include them or remove the dependency array.  react-hooks/exhaustive-deps

./src/components/TonnetzSync.tsx
108:9  Warning: The 'nodes' logical expression could make the dependencies of useMemo Hook (at line 137) change on every render. To fix this, wrap the initialization of 'nodes' in its own useMemo() Hook.  react-hooks/exhaustive-deps
109:9  Warning: The 'linksRaw' logical expression could make the dependencies of useMemo Hook (at line 137) change on every render. To fix this, wrap the initialization of 'linksRaw' in its own useMemo() Hook.  react-hooks/exhaustive-deps
109:9  Warning: The 'linksRaw' logical expression could make the dependencies of useMemo Hook (at line 141) change on every render. To fix this, wrap the initialization of 'linksRaw' in its own useMemo() Hook.  react-hooks/exhaustive-deps
140:32  Warning: 'i' is defined but never used.  @typescript-eslint/no-unused-vars

info  - Need to disable some ESLint rules? Learn more here: https://nextjs.org/docs/app/api-reference/config/eslint#disabling-rules
   Collecting page data ...
   Generating static pages (0/14) ...
   Generating static pages (3/14) 
   Generating static pages (6/14) 
   Generating static pages (10/14) 
 ✓ Generating static pages (14/14)
   Finalizing page optimization ...
   Collecting build traces ...

Route (app)                                 Size  First Load JS
┌ ○ /                                    4.27 kB         110 kB
├ ○ /_not-found                            989 B         103 kB
├ ○ /counterpoint                        2.57 kB         105 kB
├ ○ /fuge                                1.46 kB         107 kB
├ ○ /motif                               1.81 kB         104 kB
├ ○ /motif-constellation                  178 kB         280 kB
├ ○ /motif-graph                         3.11 kB         105 kB
├ ○ /narratives                          1.92 kB         104 kB
├ ○ /projects/grosse-fuge                3.71 kB         106 kB
├ ○ /tension                             2.36 kB         104 kB
└ ○ /tonnetz                             2.95 kB         105 kB
+ First Load JS shared by all             102 kB
  ├ chunks/255-cf2e1d3491ac955b.js       45.7 kB
  ├ chunks/4bd1b696-c023c6e3521b1417.js  54.2 kB
  └ other shared chunks (total)          2.07 kB


○  (Static)  prerendered as static content


> cherrycake@0.1.0 cleanup
> rm -rf .next/cache

